This is pdfTeX, Version 3.1415926-2.3-1.40.12 (MiKTeX 2.9) (preloaded format=pdflatex 2022.8.31)  16 NOV 2023 17:06
entering extended mode
**section1-5.tex

("F:\Github客户端\LEARNING\The-finite-group\Baisc concepts of group theory\1
.1-1.5\section1-5.tex"
LaTeX2e <2011/06/27>
Babel <v3.8m> and hyphenation patterns for loaded.
(D:\数学工具\latex\CTEX\MiKTeX\tex\latex\ams\classes\amsart.cls
Document Class: amsart 2009/07/02 v2.20.1
\linespacing=\dimen102
\normalparindent=\dimen103
\normaltopskip=\skip41
(D:\数学工具\latex\CTEX\MiKTeX\tex\latex\ams\math\amsmath.sty
Package: amsmath 2000/07/18 v2.13 AMS math features
\@mathmargin=\skip42

For additional information on amsmath, use the `?' option.
(D:\数学工具\latex\CTEX\MiKTeX\tex\latex\ams\math\amstext.sty
Package: amstext 2000/06/29 v2.01

(D:\数学工具\latex\CTEX\MiKTeX\tex\latex\ams\math\amsgen.sty
File: amsgen.sty 1999/11/30 v2.0
\@emptytoks=\toks14
\ex@=\dimen104
))
(D:\数学工具\latex\CTEX\MiKTeX\tex\latex\ams\math\amsbsy.sty
Package: amsbsy 1999/11/29 v1.2d
\pmbraise@=\dimen105
)
(D:\数学工具\latex\CTEX\MiKTeX\tex\latex\ams\math\amsopn.sty
Package: amsopn 1999/12/14 v2.01 operator names
)
\inf@bad=\count79
LaTeX Info: Redefining \frac on input line 211.
\uproot@=\count80
\leftroot@=\count81
LaTeX Info: Redefining \overline on input line 307.
\classnum@=\count82
\DOTSCASE@=\count83
LaTeX Info: Redefining \ldots on input line 379.
LaTeX Info: Redefining \dots on input line 382.
LaTeX Info: Redefining \cdots on input line 467.
\Mathstrutbox@=\box26
\strutbox@=\box27
\big@size=\dimen106
LaTeX Font Info:    Redeclaring font encoding OML on input line 567.
LaTeX Font Info:    Redeclaring font encoding OMS on input line 568.
\macc@depth=\count84
\c@MaxMatrixCols=\count85
\dotsspace@=\muskip10
\c@parentequation=\count86
\dspbrk@lvl=\count87
\tag@help=\toks15
\row@=\count88
\column@=\count89
\maxfields@=\count90
\andhelp@=\toks16
\eqnshift@=\dimen107
\alignsep@=\dimen108
\tagshift@=\dimen109
\tagwidth@=\dimen110
\totwidth@=\dimen111
\lineht@=\dimen112
\@envbody=\toks17
\multlinegap=\skip43
\multlinetaggap=\skip44
\mathdisplay@stack=\toks18
LaTeX Info: Redefining \[ on input line 2666.
LaTeX Info: Redefining \] on input line 2667.
)
LaTeX Font Info:    Try loading font information for U+msa on input line 388.

(D:\数学工具\latex\CTEX\MiKTeX\tex\latex\amsfonts\umsa.fd
File: umsa.fd 2009/06/22 v3.00 AMS symbols A
)
(D:\数学工具\latex\CTEX\MiKTeX\tex\latex\amsfonts\amsfonts.sty
Package: amsfonts 2009/06/22 v3.00 Basic AMSFonts support
\symAMSa=\mathgroup4
\symAMSb=\mathgroup5
LaTeX Font Info:    Overwriting math alphabet `\mathfrak' in version `bold'
(Font)                  U/euf/m/n --> U/euf/b/n on input line 96.
)
\copyins=\insert233
\abstractbox=\box28
\listisep=\skip45
\c@part=\count91
\c@section=\count92
\c@subsection=\count93
\c@subsubsection=\count94
\c@paragraph=\count95
\c@subparagraph=\count96
\c@figure=\count97
\c@table=\count98
\abovecaptionskip=\skip46
\belowcaptionskip=\skip47
\captionindent=\dimen113
\thm@style=\toks19
\thm@bodyfont=\toks20
\thm@headfont=\toks21
\thm@notefont=\toks22
\thm@headpunct=\toks23
\thm@preskip=\skip48
\thm@postskip=\skip49
\thm@headsep=\skip50
\dth@everypar=\toks24
)
(D:\数学工具\latex\CTEX\MiKTeX\tex\latex\amsfonts\amssymb.sty
Package: amssymb 2009/06/22 v3.00
)
(D:\数学工具\latex\CTEX\MiKTeX\tex\latex\graphics\epsfig.sty
Package: epsfig 1999/02/16 v1.7a (e)psfig emulation (SPQR)

(D:\数学工具\latex\CTEX\MiKTeX\tex\latex\graphics\graphicx.sty
Package: graphicx 1999/02/16 v1.0f Enhanced LaTeX Graphics (DPC,SPQR)

(D:\数学工具\latex\CTEX\MiKTeX\tex\latex\graphics\keyval.sty
Package: keyval 1999/03/16 v1.13 key=value parser (DPC)
\KV@toks@=\toks25
)
(D:\数学工具\latex\CTEX\MiKTeX\tex\latex\graphics\graphics.sty
Package: graphics 2009/02/05 v1.0o Standard LaTeX Graphics (DPC,SPQR)

(D:\数学工具\latex\CTEX\MiKTeX\tex\latex\graphics\trig.sty
Package: trig 1999/03/16 v1.09 sin cos tan (DPC)
)
(D:\数学工具\latex\CTEX\MiKTeX\tex\latex\00miktex\graphics.cfg
File: graphics.cfg 2007/01/18 v1.5 graphics configuration of teTeX/TeXLive
)
Package graphics Info: Driver file: pdftex.def on input line 91.

(D:\数学工具\latex\CTEX\MiKTeX\tex\latex\pdftex-def\pdftex.def
File: pdftex.def 2011/05/27 v0.06d Graphics/color for pdfTeX

(D:\数学工具\latex\CTEX\MiKTeX\tex\generic\oberdiek\infwarerr.sty
Package: infwarerr 2010/04/08 v1.3 Providing info/warning/message (HO)
)
(D:\数学工具\latex\CTEX\MiKTeX\tex\generic\oberdiek\ltxcmds.sty
Package: ltxcmds 2011/04/18 v1.20 LaTeX kernel commands for general use (HO)
)
\Gread@gobject=\count99
))
\Gin@req@height=\dimen114
\Gin@req@width=\dimen115
)
\epsfxsize=\dimen116
\epsfysize=\dimen117
)
(D:\数学工具\latex\CTEX\MiKTeX\tex\latex\pgf\frontendlayer\tikz.sty
(D:\数学工具\latex\CTEX\MiKTeX\tex\latex\pgf\basiclayer\pgf.sty
(D:\数学工具\latex\CTEX\MiKTeX\tex\latex\pgf\utilities\pgfrcs.sty
(D:\数学工具\latex\CTEX\MiKTeX\tex\generic\pgf\utilities\pgfutil-common.tex
\pgfutil@everybye=\toks26
)
(D:\数学工具\latex\CTEX\MiKTeX\tex\generic\pgf\utilities\pgfutil-latex.def
\pgfutil@abb=\box29

(D:\数学工具\latex\CTEX\MiKTeX\tex\latex\ms\everyshi.sty
Package: everyshi 2001/05/15 v3.00 EveryShipout Package (MS)
))
(D:\数学工具\latex\CTEX\MiKTeX\tex\generic\pgf\utilities\pgfrcs.code.tex
Package: pgfrcs 2010/10/25 v2.10 (rcs-revision 1.24)
))
Package: pgf 2008/01/15 v2.10 (rcs-revision 1.12)

(D:\数学工具\latex\CTEX\MiKTeX\tex\latex\pgf\basiclayer\pgfcore.sty
(D:\数学工具\latex\CTEX\MiKTeX\tex\latex\pgf\systemlayer\pgfsys.sty
(D:\数学工具\latex\CTEX\MiKTeX\tex\generic\pgf\systemlayer\pgfsys.code.tex
Package: pgfsys 2010/06/30 v2.10 (rcs-revision 1.37)

(D:\数学工具\latex\CTEX\MiKTeX\tex\generic\pgf\utilities\pgfkeys.code.tex
\pgfkeys@pathtoks=\toks27
\pgfkeys@temptoks=\toks28

(D:\数学工具\latex\CTEX\MiKTeX\tex\generic\pgf\utilities\pgfkeysfiltered.co
de.tex
\pgfkeys@tmptoks=\toks29
))
\pgf@x=\dimen118
\pgf@y=\dimen119
\pgf@xa=\dimen120
\pgf@ya=\dimen121
\pgf@xb=\dimen122
\pgf@yb=\dimen123
\pgf@xc=\dimen124
\pgf@yc=\dimen125
\w@pgf@writea=\write3
\r@pgf@reada=\read1
\c@pgf@counta=\count100
\c@pgf@countb=\count101
\c@pgf@countc=\count102
\c@pgf@countd=\count103
 (D:\数学工具\latex\CTEX\MiKTeX\tex\generic\pgf\systemlayer\pgf.cfg
File: pgf.cfg 2008/05/14  (rcs-revision 1.7)
)
Package pgfsys Info: Driver file for pgf: pgfsys-pdftex.def on input line 900.

(D:\数学工具\latex\CTEX\MiKTeX\tex\generic\pgf\systemlayer\pgfsys-pdftex.de
f
File: pgfsys-pdftex.def 2009/05/22  (rcs-revision 1.26)

(D:\数学工具\latex\CTEX\MiKTeX\tex\generic\pgf\systemlayer\pgfsys-common-pd
f.def
File: pgfsys-common-pdf.def 2008/05/19  (rcs-revision 1.10)
)))
(D:\数学工具\latex\CTEX\MiKTeX\tex\generic\pgf\systemlayer\pgfsyssoftpath.c
ode.tex
File: pgfsyssoftpath.code.tex 2008/07/18  (rcs-revision 1.7)
\pgfsyssoftpath@smallbuffer@items=\count104
\pgfsyssoftpath@bigbuffer@items=\count105
)
(D:\数学工具\latex\CTEX\MiKTeX\tex\generic\pgf\systemlayer\pgfsysprotocol.c
ode.tex
File: pgfsysprotocol.code.tex 2006/10/16  (rcs-revision 1.4)
)) (D:\数学工具\latex\CTEX\MiKTeX\tex\latex\xcolor\xcolor.sty
Package: xcolor 2007/01/21 v2.11 LaTeX color extensions (UK)

(D:\数学工具\latex\CTEX\MiKTeX\tex\latex\00miktex\color.cfg
File: color.cfg 2007/01/18 v1.5 color configuration of teTeX/TeXLive
)
Package xcolor Info: Driver file: pdftex.def on input line 225.
Package xcolor Info: Model `cmy' substituted by `cmy0' on input line 1337.
Package xcolor Info: Model `hsb' substituted by `rgb' on input line 1341.
Package xcolor Info: Model `RGB' extended on input line 1353.
Package xcolor Info: Model `HTML' substituted by `rgb' on input line 1355.
Package xcolor Info: Model `Hsb' substituted by `hsb' on input line 1356.
Package xcolor Info: Model `tHsb' substituted by `hsb' on input line 1357.
Package xcolor Info: Model `HSB' substituted by `hsb' on input line 1358.
Package xcolor Info: Model `Gray' substituted by `gray' on input line 1359.
Package xcolor Info: Model `wave' substituted by `hsb' on input line 1360.
)
(D:\数学工具\latex\CTEX\MiKTeX\tex\generic\pgf\basiclayer\pgfcore.code.tex
Package: pgfcore 2010/04/11 v2.10 (rcs-revision 1.7)

(D:\数学工具\latex\CTEX\MiKTeX\tex\generic\pgf\math\pgfmath.code.tex
(D:\数学工具\latex\CTEX\MiKTeX\tex\generic\pgf\math\pgfmathcalc.code.tex
(D:\数学工具\latex\CTEX\MiKTeX\tex\generic\pgf\math\pgfmathutil.code.tex)
(D:\数学工具\latex\CTEX\MiKTeX\tex\generic\pgf\math\pgfmathparser.code.tex
\pgfmath@dimen=\dimen126
\pgfmath@count=\count106
\pgfmath@box=\box30
\pgfmath@toks=\toks30
\pgfmath@stack@operand=\toks31
\pgfmath@stack@operation=\toks32
)
(D:\数学工具\latex\CTEX\MiKTeX\tex\generic\pgf\math\pgfmathfunctions.code.t
ex
(D:\数学工具\latex\CTEX\MiKTeX\tex\generic\pgf\math\pgfmathfunctions.basic.
code.tex)
(D:\数学工具\latex\CTEX\MiKTeX\tex\generic\pgf\math\pgfmathfunctions.trigon
ometric.code.tex)
(D:\数学工具\latex\CTEX\MiKTeX\tex\generic\pgf\math\pgfmathfunctions.random
.code.tex)
(D:\数学工具\latex\CTEX\MiKTeX\tex\generic\pgf\math\pgfmathfunctions.compar
ison.code.tex)
(D:\数学工具\latex\CTEX\MiKTeX\tex\generic\pgf\math\pgfmathfunctions.base.c
ode.tex)
(D:\数学工具\latex\CTEX\MiKTeX\tex\generic\pgf\math\pgfmathfunctions.round.
code.tex)
(D:\数学工具\latex\CTEX\MiKTeX\tex\generic\pgf\math\pgfmathfunctions.misc.c
ode.tex)))
(D:\数学工具\latex\CTEX\MiKTeX\tex\generic\pgf\math\pgfmathfloat.code.tex
\c@pgfmathroundto@lastzeros=\count107
))
(D:\数学工具\latex\CTEX\MiKTeX\tex\generic\pgf\basiclayer\pgfcorepoints.cod
e.tex
File: pgfcorepoints.code.tex 2010/04/09  (rcs-revision 1.20)
\pgf@picminx=\dimen127
\pgf@picmaxx=\dimen128
\pgf@picminy=\dimen129
\pgf@picmaxy=\dimen130
\pgf@pathminx=\dimen131
\pgf@pathmaxx=\dimen132
\pgf@pathminy=\dimen133
\pgf@pathmaxy=\dimen134
\pgf@xx=\dimen135
\pgf@xy=\dimen136
\pgf@yx=\dimen137
\pgf@yy=\dimen138
\pgf@zx=\dimen139
\pgf@zy=\dimen140
)
(D:\数学工具\latex\CTEX\MiKTeX\tex\generic\pgf\basiclayer\pgfcorepathconstr
uct.code.tex
File: pgfcorepathconstruct.code.tex 2010/08/03  (rcs-revision 1.24)
\pgf@path@lastx=\dimen141
\pgf@path@lasty=\dimen142
)
(D:\数学工具\latex\CTEX\MiKTeX\tex\generic\pgf\basiclayer\pgfcorepathusage.
code.tex
File: pgfcorepathusage.code.tex 2008/04/22  (rcs-revision 1.12)
\pgf@shorten@end@additional=\dimen143
\pgf@shorten@start@additional=\dimen144
)
(D:\数学工具\latex\CTEX\MiKTeX\tex\generic\pgf\basiclayer\pgfcorescopes.cod
e.tex
File: pgfcorescopes.code.tex 2010/09/08  (rcs-revision 1.34)
\pgfpic=\box31
\pgf@hbox=\box32
\pgf@layerbox@main=\box33
\pgf@picture@serial@count=\count108
)
(D:\数学工具\latex\CTEX\MiKTeX\tex\generic\pgf\basiclayer\pgfcoregraphicsta
te.code.tex
File: pgfcoregraphicstate.code.tex 2008/04/22  (rcs-revision 1.9)
\pgflinewidth=\dimen145
)
(D:\数学工具\latex\CTEX\MiKTeX\tex\generic\pgf\basiclayer\pgfcoretransforma
tions.code.tex
File: pgfcoretransformations.code.tex 2009/06/10  (rcs-revision 1.11)
\pgf@pt@x=\dimen146
\pgf@pt@y=\dimen147
\pgf@pt@temp=\dimen148
)
(D:\数学工具\latex\CTEX\MiKTeX\tex\generic\pgf\basiclayer\pgfcorequick.code
.tex
File: pgfcorequick.code.tex 2008/10/09  (rcs-revision 1.3)
)
(D:\数学工具\latex\CTEX\MiKTeX\tex\generic\pgf\basiclayer\pgfcoreobjects.co
de.tex
File: pgfcoreobjects.code.tex 2006/10/11  (rcs-revision 1.2)
)
(D:\数学工具\latex\CTEX\MiKTeX\tex\generic\pgf\basiclayer\pgfcorepathproces
sing.code.tex
File: pgfcorepathprocessing.code.tex 2008/10/09  (rcs-revision 1.8)
)
(D:\数学工具\latex\CTEX\MiKTeX\tex\generic\pgf\basiclayer\pgfcorearrows.cod
e.tex
File: pgfcorearrows.code.tex 2008/04/23  (rcs-revision 1.11)
)
(D:\数学工具\latex\CTEX\MiKTeX\tex\generic\pgf\basiclayer\pgfcoreshade.code
.tex
File: pgfcoreshade.code.tex 2008/11/23  (rcs-revision 1.13)
\pgf@max=\dimen149
\pgf@sys@shading@range@num=\count109
)
(D:\数学工具\latex\CTEX\MiKTeX\tex\generic\pgf\basiclayer\pgfcoreimage.code
.tex
File: pgfcoreimage.code.tex 2010/03/25  (rcs-revision 1.16)

(D:\数学工具\latex\CTEX\MiKTeX\tex\generic\pgf\basiclayer\pgfcoreexternal.c
ode.tex
File: pgfcoreexternal.code.tex 2010/09/01  (rcs-revision 1.17)
\pgfexternal@startupbox=\box34
))
(D:\数学工具\latex\CTEX\MiKTeX\tex\generic\pgf\basiclayer\pgfcorelayers.cod
e.tex
File: pgfcorelayers.code.tex 2010/08/27  (rcs-revision 1.2)
)
(D:\数学工具\latex\CTEX\MiKTeX\tex\generic\pgf\basiclayer\pgfcoretransparen
cy.code.tex
File: pgfcoretransparency.code.tex 2008/01/17  (rcs-revision 1.2)
)
(D:\数学工具\latex\CTEX\MiKTeX\tex\generic\pgf\basiclayer\pgfcorepatterns.c
ode.tex
File: pgfcorepatterns.code.tex 2009/07/02  (rcs-revision 1.3)
)))
(D:\数学工具\latex\CTEX\MiKTeX\tex\generic\pgf\modules\pgfmoduleshapes.code
.tex
File: pgfmoduleshapes.code.tex 2010/09/09  (rcs-revision 1.13)
\pgfnodeparttextbox=\box35
)
(D:\数学工具\latex\CTEX\MiKTeX\tex\generic\pgf\modules\pgfmoduleplot.code.t
ex
File: pgfmoduleplot.code.tex 2010/10/22  (rcs-revision 1.8)
)
(D:\数学工具\latex\CTEX\MiKTeX\tex\latex\pgf\compatibility\pgfcomp-version-
0-65.sty
Package: pgfcomp-version-0-65 2007/07/03 v2.10 (rcs-revision 1.7)
\pgf@nodesepstart=\dimen150
\pgf@nodesepend=\dimen151
)
(D:\数学工具\latex\CTEX\MiKTeX\tex\latex\pgf\compatibility\pgfcomp-version-
1-18.sty
Package: pgfcomp-version-1-18 2007/07/23 v2.10 (rcs-revision 1.1)
))
(D:\数学工具\latex\CTEX\MiKTeX\tex\latex\pgf\utilities\pgffor.sty
(D:\数学工具\latex\CTEX\MiKTeX\tex\latex\pgf\utilities\pgfkeys.sty
(D:\数学工具\latex\CTEX\MiKTeX\tex\generic\pgf\utilities\pgfkeys.code.tex))
(D:\数学工具\latex\CTEX\MiKTeX\tex\generic\pgf\utilities\pgffor.code.tex
Package: pgffor 2010/03/23 v2.10 (rcs-revision 1.18)
\pgffor@iter=\dimen152
\pgffor@skip=\dimen153
\pgffor@stack=\toks33
\pgffor@toks=\toks34
))
(D:\数学工具\latex\CTEX\MiKTeX\tex\generic\pgf\frontendlayer\tikz\tikz.code
.tex
Package: tikz 2010/10/13 v2.10 (rcs-revision 1.76)

(D:\数学工具\latex\CTEX\MiKTeX\tex\generic\pgf\libraries\pgflibraryplothand
lers.code.tex
File: pgflibraryplothandlers.code.tex 2010/05/31 v2.10 (rcs-revision 1.15)
\pgf@plot@mark@count=\count110
\pgfplotmarksize=\dimen154
)
\tikz@lastx=\dimen155
\tikz@lasty=\dimen156
\tikz@lastxsaved=\dimen157
\tikz@lastysaved=\dimen158
\tikzleveldistance=\dimen159
\tikzsiblingdistance=\dimen160
\tikz@figbox=\box36
\tikz@tempbox=\box37
\tikztreelevel=\count111
\tikznumberofchildren=\count112
\tikznumberofcurrentchild=\count113
\tikz@fig@count=\count114

(D:\数学工具\latex\CTEX\MiKTeX\tex\generic\pgf\modules\pgfmodulematrix.code
.tex
File: pgfmodulematrix.code.tex 2010/08/24  (rcs-revision 1.4)
\pgfmatrixcurrentrow=\count115
\pgfmatrixcurrentcolumn=\count116
\pgf@matrix@numberofcolumns=\count117
)
\tikz@expandcount=\count118

(D:\数学工具\latex\CTEX\MiKTeX\tex\generic\pgf\frontendlayer\tikz\libraries
\tikzlibrarytopaths.code.tex
File: tikzlibrarytopaths.code.tex 2008/06/17 v2.10 (rcs-revision 1.2)
)))
(D:\数学工具\latex\CTEX\MiKTeX\tex\latex\tools\bm.sty
Package: bm 2004/02/26 v1.1c Bold Symbol Support (DPC/FMi)
\symboldoperators=\mathgroup6
\symboldletters=\mathgroup7
\symboldsymbols=\mathgroup8
LaTeX Font Info:    Redeclaring math alphabet \mathbf on input line 138.
LaTeX Info: Redefining \bm on input line 204.
)
\c@thm=\count119
\c@rmk=\count120
\c@exa=\count121
\c@obs=\count122

("F:\Github客户端\LEARNING\The-finite-group\Baisc concepts of group theory\1
.1-1.5\section1-5.aux")
LaTeX Font Info:    Checking defaults for OML/cmm/m/it on input line 74.
LaTeX Font Info:    ... okay on input line 74.
LaTeX Font Info:    Checking defaults for T1/cmr/m/n on input line 74.
LaTeX Font Info:    ... okay on input line 74.
LaTeX Font Info:    Checking defaults for OT1/cmr/m/n on input line 74.
LaTeX Font Info:    ... okay on input line 74.
LaTeX Font Info:    Checking defaults for OMS/cmsy/m/n on input line 74.
LaTeX Font Info:    ... okay on input line 74.
LaTeX Font Info:    Checking defaults for OMX/cmex/m/n on input line 74.
LaTeX Font Info:    ... okay on input line 74.
LaTeX Font Info:    Checking defaults for U/cmr/m/n on input line 74.
LaTeX Font Info:    ... okay on input line 74.
LaTeX Font Info:    Try loading font information for U+msa on input line 74.

(D:\数学工具\latex\CTEX\MiKTeX\tex\latex\amsfonts\umsa.fd
File: umsa.fd 2009/06/22 v3.00 AMS symbols A
)
LaTeX Font Info:    Try loading font information for U+msb on input line 74.

(D:\数学工具\latex\CTEX\MiKTeX\tex\latex\amsfonts\umsb.fd
File: umsb.fd 2009/06/22 v3.00 AMS symbols B
)
(D:\数学工具\latex\CTEX\MiKTeX\tex\context\base\supp-pdf.mkii
[Loading MPS to PDF converter (version 2006.09.02).]
\scratchcounter=\count123
\scratchdimen=\dimen161
\scratchbox=\box38
\nofMPsegments=\count124
\nofMParguments=\count125
\everyMPshowfont=\toks35
\MPscratchCnt=\count126
\MPscratchDim=\dimen162
\MPnumerator=\count127
\makeMPintoPDFobject=\count128
\everyMPtoPDFconversion=\toks36
) ABD: EveryShipout initializing macros [1{D:/数学工具/latex/CTEX/UserData/
pdftex/config/pdftex.map{Unicode.sfd}{UGBK.sfd}}]
("F:\Github客户端\LEARNING\The-finite-group\Baisc concepts of group theory\1
.1-1.5\section1-5.aux") ) 
Here is how much of TeX's memory you used:
 10941 strings out of 495354
 197765 string characters out of 3182795
 229370 words of memory out of 3000000
 13752 multiletter control sequences out of 15000+200000
 9000 words of font info for 34 fonts, out of 3000000 for 9000
 175 hyphenation exceptions out of 8191
 56i,5n,55p,479b,195s stack positions out of 5000i,500n,10000p,200000b,50000s
<D:/数学工具/latex/CTEX/MiKTeX/fonts/type1/public/
amsfonts/cm/cmbx12.pfb><D:/数学工具/latex/CTEX/MiKTeX/fonts/type1/public/am
sfonts/cm/cmr9.pfb>
Output written on section1-5.pdf (1 page, 18485 bytes).
PDF statistics:
 17 PDF objects out of 1000 (max. 8388607)
 0 named destinations out of 1000 (max. 500000)
 13 words of extra memory for PDF output out of 10000 (max. 10000000)

